<component name="libraryTable">
  <library name="junit.platform.console.standalone" type="repository">
    <properties maven-id="org.junit.platform:junit-platform-console-standalone:1.10.0" />
    <CLASSES>
      <root url="jar://$USER_HOME$/IdeaProjects/downloaded_libs/JUnit5_Console_Standalone/junit-platform-console-standalone-1.10.0.jar!/" />
    </CLASSES>
    <JAVADOC>
      <root url="jar://$USER_HOME$/IdeaProjects/downloaded_libs/JUnit5_Console_Standalone/junit-platform-console-standalone-1.10.0-javadoc.jar!/" />
    </JAVADOC>
    <SOURCES />
  </library>
</component>